<?xml version="1.0" encoding="UTF-8"?>
<!-- Generated by org.testng.reporters.JUnitReportReporter -->
<testsuite hostname="CS-LP-923" failures="0" tests="1" name="com.runner.cucumberTestRunner" time="15.623" errors="0" timestamp="2024-01-30T19:19:28 IST" skipped="0">
  <testcase classname="com.runner.cucumberTestRunner" name="runScenario" time="15.623"/>
</testsuite> <!-- com.runner.cucumberTestRunner -->
